<?xml version="1.0" encoding="UTF-8"?>
<testng-results ignored="0" total="6" passed="6" failed="0" skipped="0">
  <reporter-output>
  </reporter-output>
  <suite started-at="2026-07-10T17:43:43 IST" name="Suite" finished-at="2026-07-10T17:45:58 IST" duration-ms="135037">
    <groups>
      <group name="Master">
        <method signature="Login_And_Logout.login()[pri:0, instance:Main_project.Login_And_Logout@6379eb]" name="login" class="Main_project.Login_And_Logout"/>
        <method signature="Registration.registration()[pri:0, instance:Main_project.Registration@7714e963]" name="registration" class="Main_project.Registration"/>
        <method signature="Login_And_Logout.login()[pri:0, instance:Main_project.Login_And_Logout@5c33f1a9]" name="login" class="Main_project.Login_And_Logout"/>
        <method signature="Registration.registration()[pri:0, instance:Main_project.Registration@7f0eb4b4]" name="registration" class="Main_project.Registration"/>
        <method signature="Login_And_Logout.login()[pri:0, instance:Main_project.Login_And_Logout@6adbc9d]" name="login" class="Main_project.Login_And_Logout"/>
        <method signature="Registration.registration()[pri:0, instance:Main_project.Registration@c8c12ac]" name="registration" class="Main_project.Registration"/>
      </group> <!-- Master -->
      <group name="Sanity">
        <method signature="Login_And_Logout.login()[pri:0, instance:Main_project.Login_And_Logout@6379eb]" name="login" class="Main_project.Login_And_Logout"/>
        <method signature="Login_And_Logout.login()[pri:0, instance:Main_project.Login_And_Logout@5c33f1a9]" name="login" class="Main_project.Login_And_Logout"/>
        <method signature="Login_And_Logout.login()[pri:0, instance:Main_project.Login_And_Logout@6adbc9d]" name="login" class="Main_project.Login_And_Logout"/>
      </group> <!-- Sanity -->
      <group name="Regression">
        <method signature="Registration.registration()[pri:0, instance:Main_project.Registration@7714e963]" name="registration" class="Main_project.Registration"/>
        <method signature="Registration.registration()[pri:0, instance:Main_project.Registration@7f0eb4b4]" name="registration" class="Main_project.Registration"/>
        <method signature="Registration.registration()[pri:0, instance:Main_project.Registration@c8c12ac]" name="registration" class="Main_project.Registration"/>
      </group> <!-- Regression -->
    </groups>
    <test started-at="2026-07-10T17:43:43 IST" name="ChromeTest" finished-at="2026-07-10T17:45:41 IST" duration-ms="117794">
      <class name="Main_project.Registration">
        <test-method is-config="true" signature="Setup(java.lang.String,java.lang.String,java.lang.reflect.Method)[pri:0, instance:Main_project.Registration@7714e963]" started-at="2026-07-10T17:43:43 IST" name="Setup" finished-at="2026-07-10T17:44:14 IST" duration-ms="30509" status="PASS">
          <params>
            <param index="0">
              <value>
                <![CDATA[windows]]>
              </value>
            </param>
            <param index="1">
              <value>
                <![CDATA[Chrome]]>
              </value>
            </param>
            <param index="2">
              <value>
                <![CDATA[public void Main_project.Registration.registration()]]>
              </value>
            </param>
          </params>
          <reporter-output>
          </reporter-output>
        </test-method> <!-- Setup -->
        <test-method signature="registration()[pri:0, instance:Main_project.Registration@7714e963]" started-at="2026-07-10T17:44:14 IST" name="registration" finished-at="2026-07-10T17:45:05 IST" duration-ms="51375" status="PASS">
          <reporter-output>
          </reporter-output>
        </test-method> <!-- registration -->
        <test-method is-config="true" signature="tearDown(org.testng.ITestResult)[pri:0, instance:Main_project.Registration@7714e963]" started-at="2026-07-10T17:45:05 IST" name="tearDown" finished-at="2026-07-10T17:45:07 IST" duration-ms="1857" status="PASS">
          <params>
            <param index="0">
              <value>
                <![CDATA[[TestResult name=registration status=SUCCESS method=Registration.registration()[pri:0, instance:Main_project.Registration@7714e963] output={null}]]]>
              </value>
            </param>
          </params>
          <reporter-output>
          </reporter-output>
        </test-method> <!-- tearDown -->
      </class> <!-- Main_project.Registration -->
      <class name="Main_project.Login_And_Logout">
        <test-method is-config="true" signature="Setup(java.lang.String,java.lang.String,java.lang.reflect.Method)[pri:0, instance:Main_project.Login_And_Logout@6379eb]" started-at="2026-07-10T17:45:07 IST" name="Setup" finished-at="2026-07-10T17:45:15 IST" duration-ms="7958" status="PASS">
          <params>
            <param index="0">
              <value>
                <![CDATA[windows]]>
              </value>
            </param>
            <param index="1">
              <value>
                <![CDATA[Chrome]]>
              </value>
            </param>
            <param index="2">
              <value>
                <![CDATA[public void Main_project.Login_And_Logout.login()]]>
              </value>
            </param>
          </params>
          <reporter-output>
          </reporter-output>
        </test-method> <!-- Setup -->
        <test-method signature="login()[pri:0, instance:Main_project.Login_And_Logout@6379eb]" started-at="2026-07-10T17:45:15 IST" name="login" finished-at="2026-07-10T17:45:41 IST" duration-ms="25658" status="PASS">
          <reporter-output>
          </reporter-output>
        </test-method> <!-- login -->
        <test-method is-config="true" signature="tearDown(org.testng.ITestResult)[pri:0, instance:Main_project.Login_And_Logout@6379eb]" started-at="2026-07-10T17:45:41 IST" name="tearDown" finished-at="2026-07-10T17:45:41 IST" duration-ms="299" status="PASS">
          <params>
            <param index="0">
              <value>
                <![CDATA[[TestResult name=login status=SUCCESS method=Login_And_Logout.login()[pri:0, instance:Main_project.Login_And_Logout@6379eb] output={null}]]]>
              </value>
            </param>
          </params>
          <reporter-output>
          </reporter-output>
        </test-method> <!-- tearDown -->
      </class> <!-- Main_project.Login_And_Logout -->
    </test> <!-- ChromeTest -->
    <test started-at="2026-07-10T17:43:43 IST" name="SafariTest" finished-at="2026-07-10T17:45:43 IST" duration-ms="119511">
      <class name="Main_project.Registration">
        <test-method is-config="true" signature="Setup(java.lang.String,java.lang.String,java.lang.reflect.Method)[pri:0, instance:Main_project.Registration@c8c12ac]" started-at="2026-07-10T17:43:43 IST" name="Setup" finished-at="2026-07-10T17:44:14 IST" duration-ms="31153" status="PASS">
          <params>
            <param index="0">
              <value>
                <![CDATA[windows]]>
              </value>
            </param>
            <param index="1">
              <value>
                <![CDATA[Safari]]>
              </value>
            </param>
            <param index="2">
              <value>
                <![CDATA[public void Main_project.Registration.registration()]]>
              </value>
            </param>
          </params>
          <reporter-output>
          </reporter-output>
        </test-method> <!-- Setup -->
        <test-method signature="registration()[pri:0, instance:Main_project.Registration@c8c12ac]" started-at="2026-07-10T17:44:14 IST" name="registration" finished-at="2026-07-10T17:45:06 IST" duration-ms="52067" status="PASS">
          <reporter-output>
          </reporter-output>
        </test-method> <!-- registration -->
        <test-method is-config="true" signature="tearDown(org.testng.ITestResult)[pri:0, instance:Main_project.Registration@c8c12ac]" started-at="2026-07-10T17:45:06 IST" name="tearDown" finished-at="2026-07-10T17:45:07 IST" duration-ms="306" status="PASS">
          <params>
            <param index="0">
              <value>
                <![CDATA[[TestResult name=registration status=SUCCESS method=Registration.registration()[pri:0, instance:Main_project.Registration@c8c12ac] output={null}]]]>
              </value>
            </param>
          </params>
          <reporter-output>
          </reporter-output>
        </test-method> <!-- tearDown -->
      </class> <!-- Main_project.Registration -->
      <class name="Main_project.Login_And_Logout">
        <test-method is-config="true" signature="Setup(java.lang.String,java.lang.String,java.lang.reflect.Method)[pri:0, instance:Main_project.Login_And_Logout@6adbc9d]" started-at="2026-07-10T17:45:07 IST" name="Setup" finished-at="2026-07-10T17:45:15 IST" duration-ms="8627" status="PASS">
          <params>
            <param index="0">
              <value>
                <![CDATA[windows]]>
              </value>
            </param>
            <param index="1">
              <value>
                <![CDATA[Safari]]>
              </value>
            </param>
            <param index="2">
              <value>
                <![CDATA[public void Main_project.Login_And_Logout.login()]]>
              </value>
            </param>
          </params>
          <reporter-output>
          </reporter-output>
        </test-method> <!-- Setup -->
        <test-method signature="login()[pri:0, instance:Main_project.Login_And_Logout@6adbc9d]" started-at="2026-07-10T17:45:15 IST" name="login" finished-at="2026-07-10T17:45:43 IST" duration-ms="27159" status="PASS">
          <reporter-output>
          </reporter-output>
        </test-method> <!-- login -->
        <test-method is-config="true" signature="tearDown(org.testng.ITestResult)[pri:0, instance:Main_project.Login_And_Logout@6adbc9d]" started-at="2026-07-10T17:45:43 IST" name="tearDown" finished-at="2026-07-10T17:45:43 IST" duration-ms="108" status="PASS">
          <params>
            <param index="0">
              <value>
                <![CDATA[[TestResult name=login status=SUCCESS method=Login_And_Logout.login()[pri:0, instance:Main_project.Login_And_Logout@6adbc9d] output={null}]]]>
              </value>
            </param>
          </params>
          <reporter-output>
          </reporter-output>
        </test-method> <!-- tearDown -->
      </class> <!-- Main_project.Login_And_Logout -->
    </test> <!-- SafariTest -->
    <test started-at="2026-07-10T17:43:43 IST" name="FireFoxTest" finished-at="2026-07-10T17:45:58 IST" duration-ms="135037">
      <class name="Main_project.Registration">
        <test-method is-config="true" signature="Setup(java.lang.String,java.lang.String,java.lang.reflect.Method)[pri:0, instance:Main_project.Registration@7f0eb4b4]" started-at="2026-07-10T17:43:43 IST" name="Setup" finished-at="2026-07-10T17:44:23 IST" duration-ms="39662" status="PASS">
          <params>
            <param index="0">
              <value>
                <![CDATA[windows]]>
              </value>
            </param>
            <param index="1">
              <value>
                <![CDATA[FireFox]]>
              </value>
            </param>
            <param index="2">
              <value>
                <![CDATA[public void Main_project.Registration.registration()]]>
              </value>
            </param>
          </params>
          <reporter-output>
          </reporter-output>
        </test-method> <!-- Setup -->
        <test-method signature="registration()[pri:0, instance:Main_project.Registration@7f0eb4b4]" started-at="2026-07-10T17:44:23 IST" name="registration" finished-at="2026-07-10T17:45:15 IST" duration-ms="51658" status="PASS">
          <reporter-output>
          </reporter-output>
        </test-method> <!-- registration -->
        <test-method is-config="true" signature="tearDown(org.testng.ITestResult)[pri:0, instance:Main_project.Registration@7f0eb4b4]" started-at="2026-07-10T17:45:15 IST" name="tearDown" finished-at="2026-07-10T17:45:17 IST" duration-ms="2601" status="PASS">
          <params>
            <param index="0">
              <value>
                <![CDATA[[TestResult name=registration status=SUCCESS method=Registration.registration()[pri:0, instance:Main_project.Registration@7f0eb4b4] output={null}]]]>
              </value>
            </param>
          </params>
          <reporter-output>
          </reporter-output>
        </test-method> <!-- tearDown -->
      </class> <!-- Main_project.Registration -->
      <class name="Main_project.Login_And_Logout">
        <test-method is-config="true" signature="Setup(java.lang.String,java.lang.String,java.lang.reflect.Method)[pri:0, instance:Main_project.Login_And_Logout@5c33f1a9]" started-at="2026-07-10T17:45:17 IST" name="Setup" finished-at="2026-07-10T17:45:31 IST" duration-ms="14039" status="PASS">
          <params>
            <param index="0">
              <value>
                <![CDATA[windows]]>
              </value>
            </param>
            <param index="1">
              <value>
                <![CDATA[FireFox]]>
              </value>
            </param>
            <param index="2">
              <value>
                <![CDATA[public void Main_project.Login_And_Logout.login()]]>
              </value>
            </param>
          </params>
          <reporter-output>
          </reporter-output>
        </test-method> <!-- Setup -->
        <test-method signature="login()[pri:0, instance:Main_project.Login_And_Logout@5c33f1a9]" started-at="2026-07-10T17:45:31 IST" name="login" finished-at="2026-07-10T17:45:57 IST" duration-ms="25720" status="PASS">
          <reporter-output>
          </reporter-output>
        </test-method> <!-- login -->
        <test-method is-config="true" signature="tearDown(org.testng.ITestResult)[pri:0, instance:Main_project.Login_And_Logout@5c33f1a9]" started-at="2026-07-10T17:45:57 IST" name="tearDown" finished-at="2026-07-10T17:45:58 IST" duration-ms="1268" status="PASS">
          <params>
            <param index="0">
              <value>
                <![CDATA[[TestResult name=login status=SUCCESS method=Login_And_Logout.login()[pri:0, instance:Main_project.Login_And_Logout@5c33f1a9] output={null}]]]>
              </value>
            </param>
          </params>
          <reporter-output>
          </reporter-output>
        </test-method> <!-- tearDown -->
      </class> <!-- Main_project.Login_And_Logout -->
    </test> <!-- FireFoxTest -->
  </suite> <!-- Suite -->
</testng-results>
