<?xml version="1.0" encoding="UTF-8"?>
<testsuite xmlns:xsi="http://www.w3.org/2001/XMLSchema-instance" xsi:noNamespaceSchemaLocation="https://maven.apache.org/surefire/maven-surefire-plugin/xsd/surefire-test-report-3.0.xsd" version="3.0" name="TestSuite" time="136.302" tests="6" errors="0" skipped="0" failures="0">
  <properties>
[...]
</properties>
  <testcase name="registration" classname="Main_project.Registration" time="42.419"/>
  <testcase name="registration" classname="Main_project.Registration" time="43.563"/>
  <testcase name="registration" classname="Main_project.Registration" time="51.654"/>
  <testcase name="login" classname="Main_project.Login_And_Logout" time="9.432"/>
  <testcase name="login" classname="Main_project.Login_And_Logout" time="11.36"/>
  <testcase name="login" classname="Main_project.Login_And_Logout" time="25.719"/>
</testsuite>