<?xml version="1.0" encoding="UTF-8"?>
<testng-results ignored="0" total="1" passed="1" failed="0" skipped="0">
  <reporter-output>
  </reporter-output>
  <suite started-at="2026-07-12T20:21:47 IST" name="Default suite" finished-at="2026-07-12T20:22:47 IST" duration-ms="60564">
    <groups>
      <group name="Master">
        <method signature="Addingcategory.Addingcategory()[pri:0, instance:Main_project.Addingcategory@a1153bc]" name="Addingcategory" class="Main_project.Addingcategory"/>
      </group> <!-- Master -->
      <group name="Sanity">
        <method signature="Addingcategory.Addingcategory()[pri:0, instance:Main_project.Addingcategory@a1153bc]" name="Addingcategory" class="Main_project.Addingcategory"/>
      </group> <!-- Sanity -->
      <group name="Regression">
        <method signature="Addingcategory.Addingcategory()[pri:0, instance:Main_project.Addingcategory@a1153bc]" name="Addingcategory" class="Main_project.Addingcategory"/>
      </group> <!-- Regression -->
    </groups>
    <test started-at="2026-07-12T20:21:47 IST" name="Default test" finished-at="2026-07-12T20:22:47 IST" duration-ms="60564">
      <class name="Main_project.Addingcategory">
        <test-method is-config="true" signature="Setup(java.lang.String,java.lang.String,java.lang.reflect.Method)[pri:0, instance:Main_project.Addingcategory@a1153bc]" started-at="2026-07-12T20:21:47 IST" name="Setup" finished-at="2026-07-12T20:22:26 IST" duration-ms="39348" status="PASS">
          <params>
            <param index="0">
              <value>
                <![CDATA[windows]]>
              </value>
            </param>
            <param index="1">
              <value>
                <![CDATA[chrome]]>
              </value>
            </param>
            <param index="2">
              <value>
                <![CDATA[public void Main_project.Addingcategory.Addingcategory()]]>
              </value>
            </param>
          </params>
          <reporter-output>
          </reporter-output>
        </test-method> <!-- Setup -->
        <test-method signature="Addingcategory()[pri:0, instance:Main_project.Addingcategory@a1153bc]" started-at="2026-07-12T20:22:26 IST" name="Addingcategory" finished-at="2026-07-12T20:22:46 IST" duration-ms="19330" status="PASS">
          <reporter-output>
          </reporter-output>
        </test-method> <!-- Addingcategory -->
        <test-method is-config="true" signature="tearDown(org.testng.ITestResult)[pri:0, instance:Main_project.Addingcategory@a1153bc]" started-at="2026-07-12T20:22:46 IST" name="tearDown" finished-at="2026-07-12T20:22:47 IST" duration-ms="1562" status="PASS">
          <params>
            <param index="0">
              <value>
                <![CDATA[[TestResult name=Addingcategory status=SUCCESS method=Addingcategory.Addingcategory()[pri:0, instance:Main_project.Addingcategory@a1153bc] output={null}]]]>
              </value>
            </param>
          </params>
          <reporter-output>
          </reporter-output>
        </test-method> <!-- tearDown -->
      </class> <!-- Main_project.Addingcategory -->
    </test> <!-- Default test -->
  </suite> <!-- Default suite -->
</testng-results>
