<?xml version="1.0" encoding="UTF-8"?>
<!-- Generated by org.testng.reporters.JUnitReportReporter -->
<testsuite hostname="DESKTOP-HPPVU7T" failures="0" tests="3" name="Main_project.CrossBrowser" time="97.210" errors="0" timestamp="2026-06-28T10:55:03 IST" skipped="0">
  <testcase classname="Main_project.CrossBrowser" name="login" time="29.209"/>
  <testcase classname="Main_project.CrossBrowser" name="login" time="31.030"/>
  <testcase classname="Main_project.CrossBrowser" name="login" time="36.971"/>
</testsuite> <!-- Main_project.CrossBrowser -->
