<?xml version="1.0" encoding="UTF-8"?>
<!-- Generated by org.testng.reporters.JUnitReportReporter -->
<testsuite hostname="DESKTOP-HPPVU7T" failures="2" tests="5" name="Main_project.Login_With_Data_Provider" time="261.863" errors="0" timestamp="2026-07-08T06:45:40 IST" skipped="0">
  <testcase classname="Main_project.Login_With_Data_Provider" name="login_DDT" time="67.198">
    <failure message="Error {
  message=&#039;Timeout 30000ms exceeded.
  name=&#039;TimeoutError
  stack=&#039;TimeoutError: Timeout 30000ms exceeded.
    at ProgressController.run (C:\Users\pc\AppData\Local\Temp\playwright-java-15794635155789524084\package\lib\server\progress.js:68:28)
    at FrameDispatcher._runCommand (C:\Users\pc\AppData\Local\Temp\playwright-java-15794635155789524084\package\lib\server\dispatchers\dispatcher.js:95:31)
    at DispatcherConnection.dispatch (C:\Users\pc\AppData\Local\Temp\playwright-java-15794635155789524084\package\lib\server\dispatchers\dispatcher.js:329:39)
}
Call log:
-   - waiting for getByText(&quot;Sign out&quot;)
" type="java.lang.AssertionError">
      <![CDATA[java.lang.AssertionError: Error {
  message='Timeout 30000ms exceeded.
  name='TimeoutError
  stack='TimeoutError: Timeout 30000ms exceeded.
    at ProgressController.run (C:\Users\pc\AppData\Local\Temp\playwright-java-15794635155789524084\package\lib\server\progress.js:68:28)
    at FrameDispatcher._runCommand (C:\Users\pc\AppData\Local\Temp\playwright-java-15794635155789524084\package\lib\server\dispatchers\dispatcher.js:95:31)
    at DispatcherConnection.dispatch (C:\Users\pc\AppData\Local\Temp\playwright-java-15794635155789524084\package\lib\server\dispatchers\dispatcher.js:329:39)
}
Call log:
-   - waiting for getByText("Sign out")

at org.testng.Assert.fail(Assert.java:111)
at Main_project.Login_With_Data_Provider.login_DDT(Login_With_Data_Provider.java:52)
at java.base/jdk.internal.reflect.DirectMethodHandleAccessor.invoke(DirectMethodHandleAccessor.java:103)
at java.base/java.lang.reflect.Method.invoke(Method.java:580)
at org.testng.internal.invokers.MethodInvocationHelper.invokeMethod(MethodInvocationHelper.java:139)
at org.testng.internal.invokers.TestInvoker.invokeMethod(TestInvoker.java:664)
at org.testng.internal.invokers.TestInvoker.invokeTestMethod(TestInvoker.java:228)
at org.testng.internal.invokers.MethodRunner.runInSequence(MethodRunner.java:63)
at org.testng.internal.invokers.TestInvoker$MethodInvocationAgent.invoke(TestInvoker.java:961)
at org.testng.internal.invokers.TestInvoker.invokeTestMethods(TestInvoker.java:201)
at org.testng.internal.invokers.TestMethodWorker.invokeTestMethods(TestMethodWorker.java:148)
at org.testng.internal.invokers.TestMethodWorker.run(TestMethodWorker.java:128)
at java.base/java.util.ArrayList.forEach(ArrayList.java:1596)
at org.testng.TestRunner.privateRun(TestRunner.java:819)
at org.testng.TestRunner.run(TestRunner.java:619)
at org.testng.SuiteRunner.runTest(SuiteRunner.java:443)
at org.testng.SuiteRunner.runSequentially(SuiteRunner.java:437)
at org.testng.SuiteRunner.privateRun(SuiteRunner.java:397)
at org.testng.SuiteRunner.run(SuiteRunner.java:336)
at org.testng.SuiteRunnerWorker.runSuite(SuiteRunnerWorker.java:52)
at org.testng.SuiteRunnerWorker.run(SuiteRunnerWorker.java:95)
at org.testng.TestNG.runSuitesSequentially(TestNG.java:1301)
at org.testng.TestNG.runSuitesLocally(TestNG.java:1228)
at org.testng.TestNG.runSuites(TestNG.java:1134)
at org.testng.TestNG.run(TestNG.java:1101)
at org.testng.remote.AbstractRemoteTestNG.run(AbstractRemoteTestNG.java:115)
at org.testng.remote.RemoteTestNG.initAndRun(RemoteTestNG.java:293)
at org.testng.remote.RemoteTestNG.main(RemoteTestNG.java:91)
]]>
    </failure>
  </testcase> <!-- login_DDT -->
  <testcase classname="Main_project.Login_With_Data_Provider" name="login_DDT" time="64.035">
    <failure message="Error {
  message=&#039;Timeout 30000ms exceeded.
  name=&#039;TimeoutError
  stack=&#039;TimeoutError: Timeout 30000ms exceeded.
    at ProgressController.run (C:\Users\pc\AppData\Local\Temp\playwright-java-15794635155789524084\package\lib\server\progress.js:68:28)
    at FrameDispatcher._runCommand (C:\Users\pc\AppData\Local\Temp\playwright-java-15794635155789524084\package\lib\server\dispatchers\dispatcher.js:95:31)
    at DispatcherConnection.dispatch (C:\Users\pc\AppData\Local\Temp\playwright-java-15794635155789524084\package\lib\server\dispatchers\dispatcher.js:329:39)
}
Call log:
-   - waiting for getByText(&quot;Sign out&quot;)
" type="java.lang.AssertionError">
      <![CDATA[java.lang.AssertionError: Error {
  message='Timeout 30000ms exceeded.
  name='TimeoutError
  stack='TimeoutError: Timeout 30000ms exceeded.
    at ProgressController.run (C:\Users\pc\AppData\Local\Temp\playwright-java-15794635155789524084\package\lib\server\progress.js:68:28)
    at FrameDispatcher._runCommand (C:\Users\pc\AppData\Local\Temp\playwright-java-15794635155789524084\package\lib\server\dispatchers\dispatcher.js:95:31)
    at DispatcherConnection.dispatch (C:\Users\pc\AppData\Local\Temp\playwright-java-15794635155789524084\package\lib\server\dispatchers\dispatcher.js:329:39)
}
Call log:
-   - waiting for getByText("Sign out")

at org.testng.Assert.fail(Assert.java:111)
at Main_project.Login_With_Data_Provider.login_DDT(Login_With_Data_Provider.java:52)
at java.base/jdk.internal.reflect.DirectMethodHandleAccessor.invoke(DirectMethodHandleAccessor.java:103)
at java.base/java.lang.reflect.Method.invoke(Method.java:580)
at org.testng.internal.invokers.MethodInvocationHelper.invokeMethod(MethodInvocationHelper.java:139)
at org.testng.internal.invokers.TestInvoker.invokeMethod(TestInvoker.java:664)
at org.testng.internal.invokers.TestInvoker.invokeTestMethod(TestInvoker.java:228)
at org.testng.internal.invokers.MethodRunner.runInSequence(MethodRunner.java:63)
at org.testng.internal.invokers.TestInvoker$MethodInvocationAgent.invoke(TestInvoker.java:961)
at org.testng.internal.invokers.TestInvoker.invokeTestMethods(TestInvoker.java:201)
at org.testng.internal.invokers.TestMethodWorker.invokeTestMethods(TestMethodWorker.java:148)
at org.testng.internal.invokers.TestMethodWorker.run(TestMethodWorker.java:128)
at java.base/java.util.ArrayList.forEach(ArrayList.java:1596)
at org.testng.TestRunner.privateRun(TestRunner.java:819)
at org.testng.TestRunner.run(TestRunner.java:619)
at org.testng.SuiteRunner.runTest(SuiteRunner.java:443)
at org.testng.SuiteRunner.runSequentially(SuiteRunner.java:437)
at org.testng.SuiteRunner.privateRun(SuiteRunner.java:397)
at org.testng.SuiteRunner.run(SuiteRunner.java:336)
at org.testng.SuiteRunnerWorker.runSuite(SuiteRunnerWorker.java:52)
at org.testng.SuiteRunnerWorker.run(SuiteRunnerWorker.java:95)
at org.testng.TestNG.runSuitesSequentially(TestNG.java:1301)
at org.testng.TestNG.runSuitesLocally(TestNG.java:1228)
at org.testng.TestNG.runSuites(TestNG.java:1134)
at org.testng.TestNG.run(TestNG.java:1101)
at org.testng.remote.AbstractRemoteTestNG.run(AbstractRemoteTestNG.java:115)
at org.testng.remote.RemoteTestNG.initAndRun(RemoteTestNG.java:293)
at org.testng.remote.RemoteTestNG.main(RemoteTestNG.java:91)
]]>
    </failure>
  </testcase> <!-- login_DDT -->
  <testcase classname="Main_project.Login_With_Data_Provider" name="login_DDT" time="61.877"/>
  <testcase classname="Main_project.Login_With_Data_Provider" name="login_DDT" time="34.840"/>
  <testcase classname="Main_project.Login_With_Data_Provider" name="login_DDT" time="33.913"/>
</testsuite> <!-- Main_project.Login_With_Data_Provider -->
