<?xml version="1.0" encoding="UTF-8"?>
<!-- Generated by org.testng.reporters.JUnitReportReporter -->
<testsuite hostname="DESKTOP-HPPVU7T" failures="0" tests="3" name="Main_project.Registration" time="302.122" errors="0" timestamp="2026-07-09T15:52:16 IST" skipped="0">
  <testcase classname="Main_project.Registration" name="registration" time="110.179"/>
  <testcase classname="Main_project.Registration" name="registration" time="93.207"/>
  <testcase classname="Main_project.Registration" name="registration" time="98.736"/>
</testsuite> <!-- Main_project.Registration -->
