<?xml version="1.0" encoding="UTF-8"?>
<!-- Generated by org.testng.reporters.JUnitReportReporter -->
<testsuite hostname="DESKTOP-HPPVU7T" failures="0" tests="3" name="Main_project.Registration" time="261.188" errors="0" timestamp="2026-07-10T17:45:58 IST" skipped="0">
  <testcase classname="Main_project.Registration" name="registration" time="93.921"/>
  <testcase classname="Main_project.Registration" name="registration" time="83.526"/>
  <testcase classname="Main_project.Registration" name="registration" time="83.741"/>
</testsuite> <!-- Main_project.Registration -->
