<?xml version="1.0" encoding="UTF-8"?>
<!-- Generated by org.testng.reporters.JUnitReportReporter -->
<testsuite hostname="DESKTOP-HPPVU7T" failures="0" tests="3" name="Main_project.Login_And_Logout" time="110.836" errors="0" timestamp="2026-07-10T17:45:58 IST" skipped="0">
  <testcase classname="Main_project.Login_And_Logout" name="login" time="33.915"/>
  <testcase classname="Main_project.Login_And_Logout" name="login" time="41.027"/>
  <testcase classname="Main_project.Login_And_Logout" name="login" time="35.894"/>
</testsuite> <!-- Main_project.Login_And_Logout -->
